<?xml version="1.0" encoding="UTF-8"?>
<coverage generated="1654638480093" clover="3.2.0">
  <project timestamp="1654638480093" name="All files">
    <metrics statements="14" coveredstatements="7" conditionals="2" coveredconditionals="0" methods="5" coveredmethods="3" elements="21" coveredelements="10" complexity="0" loc="14" ncloc="14" packages="1" files="1" classes="1"/>
    <file name="string.js" path="C:\Users\UHF-GINA-TRACKING\Desktop\Microverse projects\JestTests\tests\string.js">
      <metrics statements="14" coveredstatements="7" conditionals="2" coveredconditionals="0" methods="5" coveredmethods="3"/>
      <line num="1" count="1" type="stmt"/>
      <line num="7" count="1" type="stmt"/>
      <line num="8" count="0" type="cond" truecount="0" falsecount="2"/>
      <line num="9" count="0" type="stmt"/>
      <line num="11" count="0" type="stmt"/>
      <line num="18" count="1" type="stmt"/>
      <line num="19" count="0" type="stmt"/>
      <line num="20" count="0" type="stmt"/>
      <line num="21" count="0" type="stmt"/>
      <line num="22" count="0" type="stmt"/>
      <line num="25" count="1" type="stmt"/>
      <line num="27" count="3" type="stmt"/>
      <line num="31" count="3" type="stmt"/>
      <line num="34" count="3" type="stmt"/>
    </file>
  </project>
</coverage>
