{"C:\\Users\\UHF-GINA-TRACKING\\Desktop\\Microverse projects\\JestTests\\tests\\string.js": {"path":"C:\\Users\\UHF-GINA-TRACKING\\Desktop\\Microverse projects\\JestTests\\tests\\string.js","statementMap":{"0":{"start":{"line":1,"column":0},"end":{"line":1,"column":20}},"1":{"start":{"line":7,"column":0},"end":{"line":16,"column":2}},"2":{"start":{"line":8,"column":2},"end":{"line":10,"column":3}},"3":{"start":{"line":9,"column":4},"end":{"line":9,"column":46}},"4":{"start":{"line":11,"column":2},"end":{"line":11,"column":20}},"5":{"start":{"line":18,"column":0},"end":{"line":23,"column":2}},"6":{"start":{"line":19,"column":21},"end":{"line":19,"column":34}},"7":{"start":{"line":20,"column":23},"end":{"line":20,"column":43}},"8":{"start":{"line":21,"column":22},"end":{"line":21,"column":43}},"9":{"start":{"line":22,"column":2},"end":{"line":22,"column":21}},"10":{"start":{"line":25,"column":0},"end":{"line":36,"column":2}},"11":{"start":{"line":27,"column":4},"end":{"line":27,"column":17}},"12":{"start":{"line":31,"column":4},"end":{"line":31,"column":17}},"13":{"start":{"line":34,"column":4},"end":{"line":34,"column":17}},"14":{"start":{"line":38,"column":0},"end":{"line":38,"column":73}},"15":{"start":{"line":38,"column":37},"end":{"line":38,"column":72}}},"fnMap":{"0":{"name":"(anonymous_0)","decl":{"start":{"line":7,"column":30},"end":{"line":7,"column":31}},"loc":{"start":{"line":7,"column":39},"end":{"line":16,"column":1}},"line":7},"1":{"name":"(anonymous_1)","decl":{"start":{"line":18,"column":31},"end":{"line":18,"column":32}},"loc":{"start":{"line":18,"column":40},"end":{"line":23,"column":1}},"line":18},"2":{"name":"(anonymous_2)","decl":{"start":{"line":26,"column":2},"end":{"line":26,"column":3}},"loc":{"start":{"line":26,"column":12},"end":{"line":28,"column":3}},"line":26},"3":{"name":"(anonymous_3)","decl":{"start":{"line":30,"column":2},"end":{"line":30,"column":3}},"loc":{"start":{"line":30,"column":13},"end":{"line":32,"column":3}},"line":30},"4":{"name":"(anonymous_4)","decl":{"start":{"line":33,"column":2},"end":{"line":33,"column":3}},"loc":{"start":{"line":33,"column":16},"end":{"line":35,"column":3}},"line":33},"5":{"name":"(anonymous_5)","decl":{"start":{"line":38,"column":28},"end":{"line":38,"column":29}},"loc":{"start":{"line":38,"column":37},"end":{"line":38,"column":72}},"line":38}},"branchMap":{"0":{"loc":{"start":{"line":8,"column":2},"end":{"line":10,"column":3}},"type":"if","locations":[{"start":{"line":8,"column":2},"end":{"line":10,"column":3}},{"start":{},"end":{}}],"line":8}},"s":{"0":1,"1":1,"2":0,"3":0,"4":0,"5":1,"6":0,"7":0,"8":0,"9":0,"10":1,"11":3,"12":3,"13":3,"14":1,"15":1},"f":{"0":0,"1":0,"2":3,"3":3,"4":3,"5":1},"b":{"0":[0,0]},"_coverageSchema":"1a1c01bbd47fc00a2c39e90264f33305004495a9","hash":"093c6b125904c66f96c585feae888a0fc18e2bbd"}
}
